生成启动时间为 2016/12/23 12:11:42。
     1>项目“D:\wrj\LSOptimal\build\LSOptimal.vcxproj”在节点 2 上(build 个目标)。
     1>InitializeBuildStatus:
         正在创建“LSOptimal.dir\Debug\LSOptimal.unsuccessfulbuild”，因为已指定“AlwaysCreate”。
       CustomBuild:
         所有输出均为最新。
       ClCompile:
         所有输出均为最新。
       ManifestResourceCompile:
         所有输出均为最新。
       Link:
         所有输出均为最新。
       Manifest:
         所有输出均为最新。
       FinalizeBuildStatus:
         正在删除文件“LSOptimal.dir\Debug\LSOptimal.unsuccessfulbuild”。
         正在对“LSOptimal.dir\Debug\LSOptimal.lastbuildstate”执行 Touch 任务。
     1>已完成生成项目“D:\wrj\LSOptimal\build\LSOptimal.vcxproj”(build 个目标)的操作。

生成成功。

已用时间 00:00:00.28
