D:\WRJ\LSOPTIMAL\BUILD\CMAKEFILES\GENERATE.STAMP
D:\WRJ\LSOPTIMAL\BUILD\DEBUG\LSOPTIMAL.EXE
D:\WRJ\LSOPTIMAL\BUILD\DEBUG\LSOPTIMAL.ILK
D:\WRJ\LSOPTIMAL\BUILD\DEBUG\LSOPTIMAL.PDB
D:\WRJ\LSOPTIMAL\BUILD\LSOPTIMAL.DIR\DEBUG\CANNY.OBJ
D:\wrj\LSOptimal\build\LSOptimal.dir\Debug\cl.command.1.tlog
D:\wrj\LSOptimal\build\LSOptimal.dir\Debug\CL.read.1.tlog
D:\wrj\LSOptimal\build\LSOptimal.dir\Debug\CL.write.1.tlog
D:\WRJ\LSOPTIMAL\BUILD\LSOPTIMAL.DIR\DEBUG\COMMON.OBJ
D:\wrj\LSOptimal\build\LSOptimal.dir\Debug\custombuild.command.1.tlog
D:\wrj\LSOptimal\build\LSOptimal.dir\Debug\custombuild.read.1.tlog
D:\wrj\LSOptimal\build\LSOptimal.dir\Debug\custombuild.write.1.tlog
D:\WRJ\LSOPTIMAL\BUILD\LSOPTIMAL.DIR\DEBUG\DCT_QUANTER.OBJ
D:\WRJ\LSOPTIMAL\BUILD\LSOPTIMAL.DIR\DEBUG\GAUSS.OBJ
D:\WRJ\LSOPTIMAL\BUILD\LSOPTIMAL.DIR\DEBUG\IMAGE_CUT_MERGE.OBJ
D:\wrj\LSOptimal\build\LSOptimal.dir\Debug\link.5676.read.1.tlog
D:\wrj\LSOptimal\build\LSOptimal.dir\Debug\link.5676.write.1.tlog
D:\wrj\LSOptimal\build\LSOptimal.dir\Debug\link.5676-cvtres.read.1.tlog
D:\wrj\LSOptimal\build\LSOptimal.dir\Debug\link.5676-cvtres.write.1.tlog
D:\wrj\LSOptimal\build\LSOptimal.dir\Debug\link.command.1.tlog
D:\wrj\LSOptimal\build\LSOptimal.dir\Debug\link.read.1.tlog
D:\wrj\LSOptimal\build\LSOptimal.dir\Debug\link.write.1.tlog
D:\wrj\LSOptimal\build\LSOptimal.dir\Debug\link-cvtres.read.1.tlog
D:\wrj\LSOptimal\build\LSOptimal.dir\Debug\link-cvtres.write.1.tlog
D:\WRJ\LSOPTIMAL\BUILD\LSOPTIMAL.DIR\DEBUG\LSOPTIMAL.EXE.EMBED.MANIFEST
D:\WRJ\LSOPTIMAL\BUILD\LSOPTIMAL.DIR\DEBUG\LSOPTIMAL.EXE.EMBED.MANIFEST.RES
D:\WRJ\LSOPTIMAL\BUILD\LSOPTIMAL.DIR\DEBUG\LSOPTIMAL.EXE.INTERMEDIATE.MANIFEST
D:\wrj\LSOptimal\build\LSOptimal.dir\Debug\LSOptimal.write.1.tlog
D:\wrj\LSOptimal\build\LSOptimal.dir\Debug\LSOptimal_manifest.rc
D:\WRJ\LSOPTIMAL\BUILD\LSOPTIMAL.DIR\DEBUG\MAIN.OBJ
D:\WRJ\LSOPTIMAL\BUILD\LSOPTIMAL.DIR\DEBUG\MATRIXMULT.OBJ
D:\wrj\LSOptimal\build\LSOptimal.dir\Debug\mt.command.1.tlog
D:\wrj\LSOptimal\build\LSOptimal.dir\Debug\mt.read.1.tlog
D:\wrj\LSOptimal\build\LSOptimal.dir\Debug\mt.write.1.tlog
D:\WRJ\LSOPTIMAL\BUILD\LSOPTIMAL.DIR\DEBUG\PREDICT_FOUR_PARA.OBJ
D:\WRJ\LSOPTIMAL\BUILD\LSOPTIMAL.DIR\DEBUG\PREDICT_ONE_PARA.OBJ
D:\WRJ\LSOPTIMAL\BUILD\LSOPTIMAL.DIR\DEBUG\PREDICT_THREE_PARA.OBJ
D:\WRJ\LSOPTIMAL\BUILD\LSOPTIMAL.DIR\DEBUG\PREDICT_TWO_PARA.OBJ
D:\wrj\LSOptimal\build\LSOptimal.dir\Debug\rc.command.1.tlog
D:\wrj\LSOptimal\build\LSOptimal.dir\Debug\rc.read.1.tlog
D:\wrj\LSOptimal\build\LSOptimal.dir\Debug\rc.write.1.tlog
D:\WRJ\LSOPTIMAL\BUILD\LSOPTIMAL.DIR\DEBUG\VC100.PDB
